[INFO] [2019-09-08 23:08:02][org.springframework.test.context.support.DefaultTestContextBootstrapper]Loaded default TestExecutionListener class names from location [META-INF/spring.factories]: [org.springframework.test.context.web.ServletTestExecutionListener, org.springframework.test.context.support.DirtiesContextBeforeModesTestExecutionListener, org.springframework.test.context.support.DependencyInjectionTestExecutionListener, org.springframework.test.context.support.DirtiesContextTestExecutionListener, org.springframework.test.context.transaction.TransactionalTestExecutionListener, org.springframework.test.context.jdbc.SqlScriptsTestExecutionListener]
 [INFO] [2019-09-08 23:08:02][org.springframework.test.context.support.DefaultTestContextBootstrapper]Could not instantiate TestExecutionListener [org.springframework.test.context.web.ServletTestExecutionListener]. Specify custom listener classes or make the default listener classes (and their required dependencies) available. Offending class: [javax/servlet/ServletContext]
 [INFO] [2019-09-08 23:08:02][org.springframework.test.context.support.DefaultTestContextBootstrapper]Using TestExecutionListeners: [org.springframework.test.context.support.DirtiesContextBeforeModesTestExecutionListener@5034c75a, org.springframework.test.context.support.DependencyInjectionTestExecutionListener@396a51ab, org.springframework.test.context.support.DirtiesContextTestExecutionListener@51081592, org.springframework.test.context.transaction.TransactionalTestExecutionListener@7f9a81e8, org.springframework.test.context.jdbc.SqlScriptsTestExecutionListener@9629756]
 [INFO] [2019-09-08 23:08:02][org.springframework.beans.factory.xml.XmlBeanDefinitionReader]Loading XML bean definitions from class path resource [applicationContext.xml]
 [INFO] [2019-09-08 23:08:02][org.springframework.beans.factory.xml.XmlBeanDefinitionReader]Loading XML bean definitions from class path resource [spring-mybatis.xml]
 [INFO] [2019-09-08 23:08:02][org.springframework.context.support.GenericApplicationContext]Refreshing org.springframework.context.support.GenericApplicationContext@31ef45e3: startup date [Sun Sep 08 23:08:02 CST 2019]; root of context hierarchy
 [INFO] [2019-09-08 23:08:03][org.springframework.beans.factory.config.PropertyPlaceholderConfigurer]Loading properties file from class path resource [jdbc.properties]
 [INFO] [2019-09-08 23:08:04][com.alibaba.druid.pool.DruidDataSource]{dataSource-1} inited
 [INFO] [2019-09-08 23:08:06][org.springframework.context.support.GenericApplicationContext]Closing org.springframework.context.support.GenericApplicationContext@31ef45e3: startup date [Sun Sep 08 23:08:02 CST 2019]; root of context hierarchy
 [INFO] [2019-09-08 23:08:06][com.alibaba.druid.pool.DruidDataSource]{dataSource-1} closed
 [INFO] [2019-09-08 23:11:21][org.springframework.test.context.support.DefaultTestContextBootstrapper]Loaded default TestExecutionListener class names from location [META-INF/spring.factories]: [org.springframework.test.context.web.ServletTestExecutionListener, org.springframework.test.context.support.DirtiesContextBeforeModesTestExecutionListener, org.springframework.test.context.support.DependencyInjectionTestExecutionListener, org.springframework.test.context.support.DirtiesContextTestExecutionListener, org.springframework.test.context.transaction.TransactionalTestExecutionListener, org.springframework.test.context.jdbc.SqlScriptsTestExecutionListener]
 [INFO] [2019-09-08 23:11:21][org.springframework.test.context.support.DefaultTestContextBootstrapper]Could not instantiate TestExecutionListener [org.springframework.test.context.web.ServletTestExecutionListener]. Specify custom listener classes or make the default listener classes (and their required dependencies) available. Offending class: [javax/servlet/ServletContext]
 [INFO] [2019-09-08 23:11:21][org.springframework.test.context.support.DefaultTestContextBootstrapper]Using TestExecutionListeners: [org.springframework.test.context.support.DirtiesContextBeforeModesTestExecutionListener@7dc7cbad, org.springframework.test.context.support.DependencyInjectionTestExecutionListener@d2cc05a, org.springframework.test.context.support.DirtiesContextTestExecutionListener@4f933fd1, org.springframework.test.context.transaction.TransactionalTestExecutionListener@548a9f61, org.springframework.test.context.jdbc.SqlScriptsTestExecutionListener@1753acfe]
 [INFO] [2019-09-08 23:11:21][org.springframework.beans.factory.xml.XmlBeanDefinitionReader]Loading XML bean definitions from class path resource [applicationContext.xml]
 [INFO] [2019-09-08 23:11:21][org.springframework.beans.factory.xml.XmlBeanDefinitionReader]Loading XML bean definitions from class path resource [spring-mybatis.xml]
 [INFO] [2019-09-08 23:11:21][org.springframework.context.support.GenericApplicationContext]Refreshing org.springframework.context.support.GenericApplicationContext@6500df86: startup date [Sun Sep 08 23:11:21 CST 2019]; root of context hierarchy
 [INFO] [2019-09-08 23:11:22][org.springframework.beans.factory.config.PropertyPlaceholderConfigurer]Loading properties file from class path resource [jdbc.properties]
 [INFO] [2019-09-08 23:11:23][com.alibaba.druid.pool.DruidDataSource]{dataSource-1} inited
 [INFO] [2019-09-08 23:11:24][org.springframework.context.support.GenericApplicationContext]Closing org.springframework.context.support.GenericApplicationContext@6500df86: startup date [Sun Sep 08 23:11:21 CST 2019]; root of context hierarchy
 [INFO] [2019-09-08 23:11:24][com.alibaba.druid.pool.DruidDataSource]{dataSource-1} closed
 [INFO] [2019-09-08 23:13:40][org.springframework.test.context.support.DefaultTestContextBootstrapper]Loaded default TestExecutionListener class names from location [META-INF/spring.factories]: [org.springframework.test.context.web.ServletTestExecutionListener, org.springframework.test.context.support.DirtiesContextBeforeModesTestExecutionListener, org.springframework.test.context.support.DependencyInjectionTestExecutionListener, org.springframework.test.context.support.DirtiesContextTestExecutionListener, org.springframework.test.context.transaction.TransactionalTestExecutionListener, org.springframework.test.context.jdbc.SqlScriptsTestExecutionListener]
 [INFO] [2019-09-08 23:13:40][org.springframework.test.context.support.DefaultTestContextBootstrapper]Could not instantiate TestExecutionListener [org.springframework.test.context.web.ServletTestExecutionListener]. Specify custom listener classes or make the default listener classes (and their required dependencies) available. Offending class: [javax/servlet/ServletContext]
 [INFO] [2019-09-08 23:13:40][org.springframework.test.context.support.DefaultTestContextBootstrapper]Using TestExecutionListeners: [org.springframework.test.context.support.DirtiesContextBeforeModesTestExecutionListener@7dc7cbad, org.springframework.test.context.support.DependencyInjectionTestExecutionListener@d2cc05a, org.springframework.test.context.support.DirtiesContextTestExecutionListener@4f933fd1, org.springframework.test.context.transaction.TransactionalTestExecutionListener@548a9f61, org.springframework.test.context.jdbc.SqlScriptsTestExecutionListener@1753acfe]
 [INFO] [2019-09-08 23:13:40][org.springframework.beans.factory.xml.XmlBeanDefinitionReader]Loading XML bean definitions from class path resource [applicationContext.xml]
 [INFO] [2019-09-08 23:13:40][org.springframework.beans.factory.xml.XmlBeanDefinitionReader]Loading XML bean definitions from class path resource [spring-mybatis.xml]
 [INFO] [2019-09-08 23:13:40][org.springframework.context.support.GenericApplicationContext]Refreshing org.springframework.context.support.GenericApplicationContext@6500df86: startup date [Sun Sep 08 23:13:40 CST 2019]; root of context hierarchy
 [INFO] [2019-09-08 23:13:41][org.springframework.beans.factory.config.PropertyPlaceholderConfigurer]Loading properties file from class path resource [jdbc.properties]
 [INFO] [2019-09-08 23:13:42][com.alibaba.druid.pool.DruidDataSource]{dataSource-1} inited
 [INFO] [2019-09-08 23:13:43][org.springframework.context.support.GenericApplicationContext]Closing org.springframework.context.support.GenericApplicationContext@6500df86: startup date [Sun Sep 08 23:13:40 CST 2019]; root of context hierarchy
 [INFO] [2019-09-08 23:13:43][com.alibaba.druid.pool.DruidDataSource]{dataSource-1} closed
 